<?xml version="1.0" encoding="UTF-8"?>
<!-- Generated by org.testng.reporters.JUnitReportReporter -->
<testsuite skipped="0" hostname="DESKTOP-9LRRM7S" name="org.Base1.Sample" tests="1" failures="0" timestamp="09 Aug 2022 10:45:30 GMT" time="1.313" errors="0">
  <testcase name="gsdgsj" time="1.313" classname="org.Base1.Sample"/>
</testsuite> <!-- org.Base1.Sample -->
